<?xml version="1.0" encoding="utf-8" standalone="no"?>
<test-run id="2" testcasecount="15" result="Failed" total="1" passed="0" failed="1" inconclusive="0" skipped="0" asserts="1" engine-version="3.2.1.0" clr-version="4.0.30319.42000" start-time="2017-10-06 03:00:29Z" end-time="2017-10-06 03:00:29Z" duration="0.098417">
  <command-line><![CDATA[D:\vsts-agent\_layout\_work\1\s\packages\NUnit.ConsoleRunner.3.2.1\tools\nunit3-console.exe  FabrikamFiberSupportTest-nUnit\bin\Release\FabrikamFiberSupportTest-nUnit.dll --where "method == FailureLogs_nUnit"]]></command-line>
  <filter>
    <method>FailureLogs_nUnit</method>
  </filter>
  <test-suite type="Assembly" id="0-1019" name="FabrikamFiberSupportTest-nUnit.dll" fullname="D:\vsts-agent\_layout\_work\1\s\FabrikamFiberSupportTest-nUnit\bin\Release\FabrikamFiberSupportTest-nUnit.dll" runstate="Runnable" testcasecount="15" result="Failed" site="Child" start-time="2017-10-06 03:00:29Z" end-time="2017-10-06 03:00:29Z" duration="0.053476" total="1" passed="0" failed="1" inconclusive="0" skipped="0" asserts="1">
    <environment framework-version="3.2.1.0" clr-version="4.0.30319.42000" os-version="Microsoft Windows NT 10.0.15063.0" platform="Win32NT" cwd="D:\vsts-agent\_layout\_work\1\s" machine-name="NEBLA" user="pagangil" user-domain="FAREAST" culture="en-US" uiculture="en-US" os-architecture="x64" />
    <settings>
      <setting name="WorkDirectory" value="D:\vsts-agent\_layout\_work\1\s" />
      <setting name="ImageRuntimeVersion" value="4.0.30319" />
      <setting name="ImageTargetFrameworkName" value=".NETFramework,Version=v4.5.2" />
      <setting name="ImageRequiresX86" value="False" />
      <setting name="ImageRequiresDefaultAppDomainAssemblyResolver" value="False" />
      <setting name="NumberOfTestWorkers" value="4" />
    </settings>
    <properties>
      <property name="_PID" value="13808" />
      <property name="_APPDOMAIN" value="test-domain-" />
    </properties>
    <failure>
      <message><![CDATA[One or more child tests had errors]]></message>
    </failure>
    <test-suite type="TestSuite" id="0-1020" name="FabrikamFiberSupportTest_nUnit" fullname="FabrikamFiberSupportTest_nUnit" runstate="Runnable" testcasecount="15" result="Failed" site="Child" start-time="2017-10-06 03:00:29Z" end-time="2017-10-06 03:00:29Z" duration="0.045531" total="1" passed="0" failed="1" inconclusive="0" skipped="0" asserts="1">
      <failure>
        <message><![CDATA[One or more child tests had errors]]></message>
      </failure>
      <test-suite type="TestFixture" id="0-1000" name="AccountTest" fullname="FabrikamFiberSupportTest_nUnit.AccountTest" classname="FabrikamFiberSupportTest_nUnit.AccountTest" runstate="Runnable" testcasecount="11" result="Failed" site="Child" start-time="2017-10-06 03:00:29Z" end-time="2017-10-06 03:00:29Z" duration="0.043693" total="1" passed="0" failed="1" inconclusive="0" skipped="0" asserts="1">
        <properties>
          <property name="Category" value="LongSuite" />
          <property name="Category" value="CriticalSuite" />
        </properties>
        <failure>
          <message><![CDATA[One or more child tests had errors]]></message>
        </failure>
        <test-case id="0-1001" name="FailureLogs_nUnit" fullname="FabrikamFiberSupportTest_nUnit.AccountTest.FailureLogs_nUnit" methodname="FailureLogs_nUnit" classname="FabrikamFiberSupportTest_nUnit.AccountTest" runstate="Runnable" seed="798259755" result="Failed" start-time="2017-10-06 03:00:29Z" end-time="2017-10-06 03:00:29Z" duration="0.036011" asserts="1">
          <failure>
            <message><![CDATA[  Expected: 4
  But was:  5
]]></message>
            <stack-trace><![CDATA[at FabrikamFiberSupportTest_nUnit.AccountTest.FailureLogs_nUnit() in D:\vsts-agent\_layout\_work\1\s\FabrikamFiberSupportTest-nUnit\FabrikamFiberSupportTest-nUnit.cs:line 77
]]></stack-trace>
          </failure>
          <output><![CDATA[Sample console.Writeline() output.
Sample Console.Error.WriteLine() output.
Sample testcontext.Writeline() output.
]]></output>
        </test-case>
      </test-suite>
    </test-suite>
  </test-suite>
</test-run>